2020/05/20 21:07:30 INFO  - jmeter.util.JMeterUtils: Setting Locale to en_GB 
2020/05/20 21:07:30 INFO  - jmeter.JMeter: Loading system properties from: /Users/mridul.das/.jenkins/mavenJmeter/target/jmeter/bin/system.properties 
2020/05/20 21:07:30 INFO  - jmeter.JMeter: Copyright (c) 1998-2016 The Apache Software Foundation 
2020/05/20 21:07:30 INFO  - jmeter.JMeter: Version 3.1 r1770033 
2020/05/20 21:07:30 INFO  - jmeter.JMeter: java.version=11.0.3 
2020/05/20 21:07:30 INFO  - jmeter.JMeter: java.vm.name=OpenJDK 64-Bit Server VM 
2020/05/20 21:07:30 INFO  - jmeter.JMeter: os.name=Mac OS X 
2020/05/20 21:07:30 INFO  - jmeter.JMeter: os.arch=x86_64 
2020/05/20 21:07:30 INFO  - jmeter.JMeter: os.version=10.14.6 
2020/05/20 21:07:30 INFO  - jmeter.JMeter: file.encoding=UTF-8 
2020/05/20 21:07:30 INFO  - jmeter.JMeter: Max memory     =536870912 
2020/05/20 21:07:30 INFO  - jmeter.JMeter: Available Processors =12 
2020/05/20 21:07:30 INFO  - jmeter.JMeter: Default Locale=English (United Kingdom) 
2020/05/20 21:07:30 INFO  - jmeter.JMeter: JMeter  Locale=English (United Kingdom) 
2020/05/20 21:07:30 INFO  - jmeter.JMeter: JMeterHome=/Users/mridul.das/.jenkins/mavenJmeter/target/jmeter 
2020/05/20 21:07:30 INFO  - jmeter.JMeter: user.dir  =/Users/mridul.das/.jenkins/mavenJmeter/target/jmeter/bin 
2020/05/20 21:07:30 INFO  - jmeter.JMeter: PWD       =/Users/mridul.das/.jenkins/mavenJmeter/target/jmeter/bin 
2020/05/20 21:07:33 INFO  - jmeter.JMeter: IP: 92.242.132.24 Name: DEM-C02XCEHMJG5H FullName: 92.242.132.24 
2020/05/20 21:07:33 INFO  - jmeter.services.FileServer: Default base='/Users/mridul.das/.jenkins/mavenJmeter/target/jmeter/bin' 
2020/05/20 21:07:33 INFO  - jmeter.services.FileServer: Set new base='/Users/mridul.das/.jenkins/mavenJmeter/target/jmeter/testFiles' 
2020/05/20 21:07:33 INFO  - jmeter.save.SaveService: Testplan (JMX) version: 2.2. Testlog (JTL) version: 2.2 
2020/05/20 21:07:33 INFO  - jmeter.save.SaveService: Using SaveService properties version 3.1 
2020/05/20 21:07:33 INFO  - jmeter.save.SaveService: Using SaveService properties file encoding UTF-8 
2020/05/20 21:07:33 INFO  - jmeter.save.SaveService: All converter versions present and correct 
2020/05/20 21:07:33 INFO  - jmeter.save.SaveService: Loading file: /Users/mridul.das/.jenkins/mavenJmeter/target/jmeter/testFiles/SOAP_Jmeter.jmx 
2020/05/20 21:07:33 INFO  - jmeter.protocol.http.sampler.HTTPSamplerBase: Parser for text/html is org.apache.jmeter.protocol.http.parser.LagartoBasedHtmlParser 
2020/05/20 21:07:33 INFO  - jmeter.protocol.http.sampler.HTTPSamplerBase: Parser for application/xhtml+xml is org.apache.jmeter.protocol.http.parser.LagartoBasedHtmlParser 
2020/05/20 21:07:33 INFO  - jmeter.protocol.http.sampler.HTTPSamplerBase: Parser for application/xml is org.apache.jmeter.protocol.http.parser.LagartoBasedHtmlParser 
2020/05/20 21:07:33 INFO  - jmeter.protocol.http.sampler.HTTPSamplerBase: Parser for text/xml is org.apache.jmeter.protocol.http.parser.LagartoBasedHtmlParser 
2020/05/20 21:07:33 INFO  - jmeter.protocol.http.sampler.HTTPSamplerBase: Parser for text/vnd.wap.wml is org.apache.jmeter.protocol.http.parser.RegexpHTMLParser 
2020/05/20 21:07:33 INFO  - jmeter.protocol.http.sampler.HTTPSamplerBase: Parser for text/css is org.apache.jmeter.protocol.http.parser.CssParser 
2020/05/20 21:07:33 INFO  - jmeter.JMeter: Creating summariser <summary> 
2020/05/20 21:07:33 INFO  - jmeter.engine.StandardJMeterEngine: Running the test! 
2020/05/20 21:07:33 INFO  - jmeter.samplers.SampleEvent: List of sample_variables: [] 
2020/05/20 21:07:33 INFO  - jmeter.samplers.SampleEvent: List of sample_variables: [] 
2020/05/20 21:07:33 INFO  - jmeter.engine.util.CompoundVariable: Note: Function class names must contain the string: '.functions.' 
2020/05/20 21:07:33 INFO  - jmeter.engine.util.CompoundVariable: Note: Function class names must not contain the string: '.gui.' 
2020/05/20 21:07:33 INFO  - jmeter.JMeter: Running test (1590005253599) 
2020/05/20 21:07:33 INFO  - jmeter.engine.StandardJMeterEngine: Starting ThreadGroup: 1 : Thread Group 
2020/05/20 21:07:33 INFO  - jmeter.engine.StandardJMeterEngine: Starting 1 threads for group Thread Group. 
2020/05/20 21:07:33 INFO  - jmeter.engine.StandardJMeterEngine: Thread will continue on error 
2020/05/20 21:07:33 INFO  - jmeter.threads.ThreadGroup: Starting thread group number 1 threads 1 ramp-up 1 perThread 1000.0 delayedStart=false 
2020/05/20 21:07:33 INFO  - jmeter.threads.ThreadGroup: Started thread group number 1 
2020/05/20 21:07:33 INFO  - jmeter.engine.StandardJMeterEngine: All thread groups have been started 
2020/05/20 21:07:33 INFO  - jmeter.threads.JMeterThread: Thread started: Thread Group 1-1 
2020/05/20 21:07:33 INFO  - jmeter.protocol.http.sampler.HTTPHCAbstractImpl: Local host = DEM-C02XCEHMJG5H 
2020/05/20 21:07:33 INFO  - jmeter.protocol.http.sampler.HTTPHC4Impl: HTTP request retry count = 0 
2020/05/20 21:07:33 INFO  - jmeter.samplers.SampleResult: Note: Sample TimeStamps are START times 
2020/05/20 21:07:33 INFO  - jmeter.samplers.SampleResult: sampleresult.default.encoding is set to ISO-8859-1 
2020/05/20 21:07:33 INFO  - jmeter.samplers.SampleResult: sampleresult.useNanoTime=true 
2020/05/20 21:07:33 INFO  - jmeter.samplers.SampleResult: sampleresult.nanoThreadSleep=5000 
2020/05/20 21:07:33 INFO  - jmeter.reporters.Summariser: summary +      1 in 00:00:00 =   15.4/s Avg:     0 Min:     0 Max:     0 Err:     1 (100.00%) Active: 1 Started: 1 Finished: 0 
2020/05/20 21:07:33 INFO  - jmeter.threads.JMeterThread: Thread is done: Thread Group 1-1 
2020/05/20 21:07:33 INFO  - jmeter.threads.JMeterThread: Thread finished: Thread Group 1-1 
2020/05/20 21:07:33 INFO  - jmeter.engine.StandardJMeterEngine: Notifying test listeners of end of test 
2020/05/20 21:07:33 INFO  - jmeter.reporters.Summariser: summary =      1 in 00:00:00 =   14.9/s Avg:     0 Min:     0 Max:     0 Err:     1 (100.00%) 
